[ 2014-09-29T09:08:44+08:00 ] /index.php?mod=comment&act=artcom&articleId=3 | ERR: message : MySQL Query Error, sql: SELECT  a.comment_id,a.user_id,a.article_id,a.comment_content,a.comment_addtime,a.comment_agrees,a.comment_disagrees,b.user_name,c.article_title,d.user_comment_agree FROM news_comment as a
				LEFT JOIN news_user as b ON a.user_id=b.user_id
				LEFT JOIN news_article as c ON a.article_id=c.article_id
				LEFT JOIN news_user_comment as d ON a.comment_id=d.comment_id
				 WHERE a.article_id= 3 AND a.is_delete = 0 AND b.is_delete = 0 AND ( d.user_id = 36 or d.user_id is null)   Limit 0, 20

[ 2014-09-29T09:08:59+08:00 ] /index.php?mod=comment&act=artcom&articleId=3 | ERR: message : MySQL Query Error, sql: SELECT  a.comment_id,a.user_id,a.article_id,a.comment_content,a.comment_addtime,a.comment_agrees,a.comment_disagrees,b.user_name,c.article_title,d.user_comment_agree FROM news_comment as a
				LEFT JOIN news_user as b ON a.user_id=b.user_id
				LEFT JOIN news_article as c ON a.article_id=c.article_id
				LEFT JOIN news_user_comment as d ON a.comment_id=d.comment_id
				 WHERE a.article_id= 3 AND a.is_delete = 0 AND b.is_delete = 0 AND ( d.user_id = 36 or d.user_id is null)   Limit 0, 20

[ 2014-09-29T09:14:15+08:00 ] /index.php?mod=comment&act=artcom&articleId=3 | ERR: message : MySQL Query Error, sql: SELECT  a.comment_id,a.user_id,a.article_id,a.comment_content,a.comment_addtime,a.comment_agrees,a.comment_disagrees,b.user_name,c.article_title,d.user_comment_agree FROM news_comment as a
				LEFT JOIN news_user as b ON a.user_id=b.user_id
				LEFT JOIN news_article as c ON a.article_id=c.article_id
				LEFT JOIN news_user_comment as d ON a.comment_id=d.comment_id
				 WHERE a.article_id= 3 AND a.is_delete = 0 AND b.is_delete = 0 AND ( d.user_id = 36 or d.user_id is null)   Limit 0, 20

[ 2014-09-29T09:14:16+08:00 ] /index.php?mod=comment&act=artcom&articleId=3 | ERR: message : MySQL Query Error, sql: SELECT  a.comment_id,a.user_id,a.article_id,a.comment_content,a.comment_addtime,a.comment_agrees,a.comment_disagrees,b.user_name,c.article_title,d.user_comment_agree FROM news_comment as a
				LEFT JOIN news_user as b ON a.user_id=b.user_id
				LEFT JOIN news_article as c ON a.article_id=c.article_id
				LEFT JOIN news_user_comment as d ON a.comment_id=d.comment_id
				 WHERE a.article_id= 3 AND a.is_delete = 0 AND b.is_delete = 0 AND ( d.user_id = 36 or d.user_id is null)   Limit 0, 20

[ 2014-09-29T09:14:17+08:00 ] /index.php?mod=comment&act=artcom&articleId=3 | ERR: message : MySQL Query Error, sql: SELECT  a.comment_id,a.user_id,a.article_id,a.comment_content,a.comment_addtime,a.comment_agrees,a.comment_disagrees,b.user_name,c.article_title,d.user_comment_agree FROM news_comment as a
				LEFT JOIN news_user as b ON a.user_id=b.user_id
				LEFT JOIN news_article as c ON a.article_id=c.article_id
				LEFT JOIN news_user_comment as d ON a.comment_id=d.comment_id
				 WHERE a.article_id= 3 AND a.is_delete = 0 AND b.is_delete = 0 AND ( d.user_id = 36 or d.user_id is null)   Limit 0, 20

[ 2014-09-29T09:20:01+08:00 ] /index.php?mod=comment&act=artcom&articleId=3 | ERR: [2] filemtime(): stat failed for /data/web/news.valsun.cn/smarty/templates_c/4f85056094992763b8e942e8e48c5888614e66b5.file.commentview.htm.php smarty_resource.php 第 720 行.
[ 2014-09-29T09:40:11+08:00 ] /index.php?mod=user&act=person | ERR: message : MySQL Query Error, sql: SELECT  a.comment_id,a.user_id,a.article_id,a.comment_content,a.comment_addtime,a.comment_agrees,a.comment_disagrees,c.article_title FROM news_comment as a 
				LEFT JOIN news_user as b ON a.user_id=b.user_id
				LEFT JOIN news_article as c ON a.article_id=c.article_id
				 WHERE a.user_id=  AND a.is_delete = 0 AND c.is_delete = 0   

[ 2014-09-29T09:45:20+08:00 ] /index.php?mod=user&act=person | ERR: message : MySQL Query Error, sql: SELECT  a.comment_id,a.user_id,a.article_id,a.comment_content,a.comment_addtime,a.comment_agrees,a.comment_disagrees,c.article_title FROM news_comment as a 
				LEFT JOIN news_user as b ON a.user_id=b.user_id
				LEFT JOIN news_article as c ON a.article_id=c.article_id
				 WHERE a.user_id=  AND a.is_delete = 0 AND c.is_delete = 0   

[ 2014-09-29T09:45:26+08:00 ] /index.php?mod=user&act=person | ERR: message : MySQL Query Error, sql: SELECT  a.comment_id,a.user_id,a.article_id,a.comment_content,a.comment_addtime,a.comment_agrees,a.comment_disagrees,c.article_title FROM news_comment as a 
				LEFT JOIN news_user as b ON a.user_id=b.user_id
				LEFT JOIN news_article as c ON a.article_id=c.article_id
				 WHERE a.user_id=  AND a.is_delete = 0 AND c.is_delete = 0   

[ 2014-09-29T09:49:58+08:00 ] /index.php?mod=user&act=person | ERR: message : MySQL Query Error, sql: SELECT  a.comment_id,a.user_id,a.article_id,a.comment_content,a.comment_addtime,a.comment_agrees,a.comment_disagrees,c.article_title FROM news_comment as a 
				LEFT JOIN news_user as b ON a.user_id=b.user_id
				LEFT JOIN news_article as c ON a.article_id=c.article_id
				 WHERE a.user_id=  AND a.is_delete = 0 AND c.is_delete = 0   

[ 2014-09-29T09:54:33+08:00 ] /index.php?mod=user&act=person | ERR: [2] filemtime(): stat failed for /data/web/news.valsun.cn/smarty/templates_c/7f7d6da5e6b81be30e5532845beb4095b2fbf098.file.self.html.php smarty_resource.php 第 720 行.
[ 2014-09-29T10:34:55+08:00 ] /index.php?mod=comment&act=icomdel | ERR: message : MySQL Query Error, sql: SELECT  comment_id  FROM news_comment  WHERE user_id=  AND comment_id=81 AND article_id=29 AND is_delete = 0   

[ 2014-09-29T11:04:45+08:00 ] /index.php?mod=article&act=disagree | ERR: [2] mysql_fetch_array() expects parameter 1 to be resource, boolean given mysql.php 第 31 行.
[ 2014-09-29T11:04:46+08:00 ] /index.php?mod=article&act=disagreenot | ERR: [2] mysql_fetch_array() expects parameter 1 to be resource, boolean given mysql.php 第 31 行.
[ 2014-09-29T13:18:04+08:00 ] /index.php?mod=article&act=disagree | ERR: [2] mysql_fetch_array() expects parameter 1 to be resource, boolean given mysql.php 第 31 行.
[ 2014-09-29T13:18:05+08:00 ] /index.php?mod=article&act=disagreenot | ERR: [2] mysql_fetch_array() expects parameter 1 to be resource, boolean given mysql.php 第 31 行.
[ 2014-09-29T13:18:09+08:00 ] /index.php?mod=article&act=disagree | ERR: [2] mysql_fetch_array() expects parameter 1 to be resource, boolean given mysql.php 第 31 行.
[ 2014-09-29T13:18:23+08:00 ] /index.php?mod=article&act=disagreenot | ERR: [2] mysql_fetch_array() expects parameter 1 to be resource, boolean given mysql.php 第 31 行.
[ 2014-09-29T13:18:27+08:00 ] /index.php?mod=article&act=disagree | ERR: [2] mysql_fetch_array() expects parameter 1 to be resource, boolean given mysql.php 第 31 行.
[ 2014-09-29T13:18:30+08:00 ] /index.php?mod=article&act=disagreenot | ERR: [2] mysql_fetch_array() expects parameter 1 to be resource, boolean given mysql.php 第 31 行.
[ 2014-09-29T13:18:42+08:00 ] /index.php?mod=article&act=disagree | ERR: [2] mysql_fetch_array() expects parameter 1 to be resource, boolean given mysql.php 第 31 行.
[ 2014-09-29T13:18:43+08:00 ] /index.php?mod=article&act=disagreenot | ERR: [2] mysql_fetch_array() expects parameter 1 to be resource, boolean given mysql.php 第 31 行.
[ 2014-09-29T13:18:59+08:00 ] /index.php?mod=article&act=disagree | ERR: [2] mysql_fetch_array() expects parameter 1 to be resource, boolean given mysql.php 第 31 行.
[ 2014-09-29T13:19:00+08:00 ] /index.php?mod=article&act=disagreenot | ERR: [2] mysql_fetch_array() expects parameter 1 to be resource, boolean given mysql.php 第 31 行.
[ 2014-09-29T13:19:03+08:00 ] /index.php?mod=article&act=disagree | ERR: [2] mysql_fetch_array() expects parameter 1 to be resource, boolean given mysql.php 第 31 行.
[ 2014-09-29T13:19:04+08:00 ] /index.php?mod=article&act=disagreenot | ERR: [2] mysql_fetch_array() expects parameter 1 to be resource, boolean given mysql.php 第 31 行.
[ 2014-09-29T13:19:12+08:00 ] /index.php?mod=article&act=disagree | ERR: [2] mysql_fetch_array() expects parameter 1 to be resource, boolean given mysql.php 第 31 行.
[ 2014-09-29T13:19:13+08:00 ] /index.php?mod=article&act=disagreenot | ERR: [2] mysql_fetch_array() expects parameter 1 to be resource, boolean given mysql.php 第 31 行.
[ 2014-09-29T13:19:22+08:00 ] /index.php?mod=article&act=disagree | ERR: [2] mysql_fetch_array() expects parameter 1 to be resource, boolean given mysql.php 第 31 行.
[ 2014-09-29T13:19:22+08:00 ] /index.php?mod=article&act=disagreenot | ERR: [2] mysql_fetch_array() expects parameter 1 to be resource, boolean given mysql.php 第 31 行.
[ 2014-09-29T13:19:28+08:00 ] /index.php?mod=article&act=disagree | ERR: [2] mysql_fetch_array() expects parameter 1 to be resource, boolean given mysql.php 第 31 行.
[ 2014-09-29T13:19:29+08:00 ] /index.php?mod=article&act=disagreenot | ERR: [2] mysql_fetch_array() expects parameter 1 to be resource, boolean given mysql.php 第 31 行.
[ 2014-09-29T13:32:03+08:00 ] /index.php?mod=article&act=disagree | ERR: [2] mysql_fetch_array() expects parameter 1 to be resource, boolean given mysql.php 第 31 行.
[ 2014-09-29T13:32:05+08:00 ] /index.php?mod=article&act=disagreenot | ERR: [2] mysql_fetch_array() expects parameter 1 to be resource, boolean given mysql.php 第 31 行.
[ 2014-09-29T13:32:08+08:00 ] /index.php?mod=article&act=disagree | ERR: [2] mysql_fetch_array() expects parameter 1 to be resource, boolean given mysql.php 第 31 行.
[ 2014-09-29T13:32:30+08:00 ] /index.php?mod=article&act=disagreenot | ERR: [2] mysql_fetch_array() expects parameter 1 to be resource, boolean given mysql.php 第 31 行.
[ 2014-09-29T13:35:35+08:00 ] /index.php?mod=article&act=detail&articleid=222&columnid=10 | ERR: message : MySQL Query Error, sql: select  article_id, article_title, article_introduction, article_author, article_addtime, article_picture, article_content, article_views, article_agree, article_disagree, article_comments  from news_article where  article_id = 222 and article_status = '1'  and is_delete = '0' DESC 

[ 2014-09-29T13:38:11+08:00 ] /index.php?mod=article&act=detail&articleid=222&columnid=10 | ERR: message : MySQL Query Error, sql: select  article_id, article_title, article_introduction, article_author, article_addtime, article_picture, article_content, article_views, article_agree, article_disagree, article_comments  from news_article where  article_id = 222 and article_status = '1'  and is_delete = '0' DESC 

[ 2014-09-29T13:38:21+08:00 ] /index.php?mod=article&act=detail&articleid=222&columnid=10 | ERR: message : MySQL Query Error, sql: select  article_id, article_title, article_introduction, article_author, article_addtime, article_picture, article_content, article_views, article_agree, article_disagree, article_comments  from news_article where  article_id = 222 and article_status = '1'  and is_delete = '0' DESC 

[ 2014-09-29T13:38:24+08:00 ] /index.php?mod=article&act=index | ERR: message : MySQL Query Error, sql: select  article_id, column_id, article_title, article_introduction, article_picture  from news_article where  article_status = '1' and column_id = 10 and is_delete = '0' order by article_addtime DESC DESC  limit 0,7

[ 2014-09-29T13:38:27+08:00 ] /index.php?mod=article&act=index | ERR: message : MySQL Query Error, sql: select  article_id, column_id, article_title, article_introduction, article_picture  from news_article where  article_status = '1' and column_id = 10 and is_delete = '0' order by article_addtime DESC DESC  limit 0,7

[ 2014-09-29T13:38:27+08:00 ] /index.php?mod=article&act=index | ERR: message : MySQL Query Error, sql: select  article_id, column_id, article_title, article_introduction, article_picture  from news_article where  article_status = '1' and column_id = 10 and is_delete = '0' order by article_addtime DESC DESC  limit 0,7

[ 2014-09-29T13:38:28+08:00 ] /index.php?mod=article&act=index | ERR: message : MySQL Query Error, sql: select  article_id, column_id, article_title, article_introduction, article_picture  from news_article where  article_status = '1' and column_id = 10 and is_delete = '0' order by article_addtime DESC DESC  limit 0,7

[ 2014-09-29T13:38:28+08:00 ] /index.php?mod=article&act=index | ERR: message : MySQL Query Error, sql: select  article_id, column_id, article_title, article_introduction, article_picture  from news_article where  article_status = '1' and column_id = 10 and is_delete = '0' order by article_addtime DESC DESC  limit 0,7

[ 2014-09-29T13:38:28+08:00 ] /index.php?mod=article&act=index | ERR: message : MySQL Query Error, sql: select  article_id, column_id, article_title, article_introduction, article_picture  from news_article where  article_status = '1' and column_id = 10 and is_delete = '0' order by article_addtime DESC DESC  limit 0,7

[ 2014-09-29T13:38:28+08:00 ] /index.php?mod=article&act=index | ERR: message : MySQL Query Error, sql: select  article_id, column_id, article_title, article_introduction, article_picture  from news_article where  article_status = '1' and column_id = 10 and is_delete = '0' order by article_addtime DESC DESC  limit 0,7

[ 2014-09-29T13:38:28+08:00 ] /index.php?mod=article&act=index | ERR: message : MySQL Query Error, sql: select  article_id, column_id, article_title, article_introduction, article_picture  from news_article where  article_status = '1' and column_id = 10 and is_delete = '0' order by article_addtime DESC DESC  limit 0,7

[ 2014-09-29T13:38:29+08:00 ] /index.php?mod=article&act=index | ERR: message : MySQL Query Error, sql: select  article_id, column_id, article_title, article_introduction, article_picture  from news_article where  article_status = '1' and column_id = 10 and is_delete = '0' order by article_addtime DESC DESC  limit 0,7

[ 2014-09-29T13:38:29+08:00 ] /index.php?mod=article&act=index | ERR: message : MySQL Query Error, sql: select  article_id, column_id, article_title, article_introduction, article_picture  from news_article where  article_status = '1' and column_id = 10 and is_delete = '0' order by article_addtime DESC DESC  limit 0,7

[ 2014-09-29T13:38:29+08:00 ] /index.php?mod=article&act=index | ERR: message : MySQL Query Error, sql: select  article_id, column_id, article_title, article_introduction, article_picture  from news_article where  article_status = '1' and column_id = 10 and is_delete = '0' order by article_addtime DESC DESC  limit 0,7

[ 2014-09-29T13:38:29+08:00 ] /index.php?mod=article&act=index | ERR: message : MySQL Query Error, sql: select  article_id, column_id, article_title, article_introduction, article_picture  from news_article where  article_status = '1' and column_id = 10 and is_delete = '0' order by article_addtime DESC DESC  limit 0,7

[ 2014-09-29T13:38:29+08:00 ] /index.php?mod=article&act=index | ERR: message : MySQL Query Error, sql: select  article_id, column_id, article_title, article_introduction, article_picture  from news_article where  article_status = '1' and column_id = 10 and is_delete = '0' order by article_addtime DESC DESC  limit 0,7

[ 2014-09-29T13:38:29+08:00 ] /index.php?mod=article&act=index | ERR: message : MySQL Query Error, sql: select  article_id, column_id, article_title, article_introduction, article_picture  from news_article where  article_status = '1' and column_id = 10 and is_delete = '0' order by article_addtime DESC DESC  limit 0,7

[ 2014-09-29T13:38:30+08:00 ] /index.php?mod=article&act=index | ERR: message : MySQL Query Error, sql: select  article_id, column_id, article_title, article_introduction, article_picture  from news_article where  article_status = '1' and column_id = 10 and is_delete = '0' order by article_addtime DESC DESC  limit 0,7

[ 2014-09-29T13:38:30+08:00 ] /index.php?mod=article&act=index | ERR: message : MySQL Query Error, sql: select  article_id, column_id, article_title, article_introduction, article_picture  from news_article where  article_status = '1' and column_id = 10 and is_delete = '0' order by article_addtime DESC DESC  limit 0,7

[ 2014-09-29T13:38:30+08:00 ] /index.php?mod=article&act=index | ERR: message : MySQL Query Error, sql: select  article_id, column_id, article_title, article_introduction, article_picture  from news_article where  article_status = '1' and column_id = 10 and is_delete = '0' order by article_addtime DESC DESC  limit 0,7

[ 2014-09-29T13:38:30+08:00 ] /index.php?mod=article&act=index | ERR: message : MySQL Query Error, sql: select  article_id, column_id, article_title, article_introduction, article_picture  from news_article where  article_status = '1' and column_id = 10 and is_delete = '0' order by article_addtime DESC DESC  limit 0,7

[ 2014-09-29T13:38:30+08:00 ] /index.php?mod=article&act=index | ERR: message : MySQL Query Error, sql: select  article_id, column_id, article_title, article_introduction, article_picture  from news_article where  article_status = '1' and column_id = 10 and is_delete = '0' order by article_addtime DESC DESC  limit 0,7

[ 2014-09-29T13:38:31+08:00 ] /index.php?mod=article&act=index | ERR: message : MySQL Query Error, sql: select  article_id, column_id, article_title, article_introduction, article_picture  from news_article where  article_status = '1' and column_id = 10 and is_delete = '0' order by article_addtime DESC DESC  limit 0,7

[ 2014-09-29T13:38:31+08:00 ] /index.php?mod=article&act=index | ERR: message : MySQL Query Error, sql: select  article_id, column_id, article_title, article_introduction, article_picture  from news_article where  article_status = '1' and column_id = 10 and is_delete = '0' order by article_addtime DESC DESC  limit 0,7

[ 2014-09-29T13:38:31+08:00 ] /index.php?mod=article&act=index | ERR: message : MySQL Query Error, sql: select  article_id, column_id, article_title, article_introduction, article_picture  from news_article where  article_status = '1' and column_id = 10 and is_delete = '0' order by article_addtime DESC DESC  limit 0,7

[ 2014-09-29T13:38:31+08:00 ] /index.php?mod=article&act=index | ERR: message : MySQL Query Error, sql: select  article_id, column_id, article_title, article_introduction, article_picture  from news_article where  article_status = '1' and column_id = 10 and is_delete = '0' order by article_addtime DESC DESC  limit 0,7

[ 2014-09-29T13:38:31+08:00 ] /index.php?mod=article&act=index | ERR: message : MySQL Query Error, sql: select  article_id, column_id, article_title, article_introduction, article_picture  from news_article where  article_status = '1' and column_id = 10 and is_delete = '0' order by article_addtime DESC DESC  limit 0,7

[ 2014-09-29T13:38:31+08:00 ] /index.php?mod=article&act=index | ERR: message : MySQL Query Error, sql: select  article_id, column_id, article_title, article_introduction, article_picture  from news_article where  article_status = '1' and column_id = 10 and is_delete = '0' order by article_addtime DESC DESC  limit 0,7

[ 2014-09-29T13:38:32+08:00 ] /index.php?mod=article&act=index | ERR: message : MySQL Query Error, sql: select  article_id, column_id, article_title, article_introduction, article_picture  from news_article where  article_status = '1' and column_id = 10 and is_delete = '0' order by article_addtime DESC DESC  limit 0,7

[ 2014-09-29T13:38:32+08:00 ] /index.php?mod=article&act=index | ERR: message : MySQL Query Error, sql: select  article_id, column_id, article_title, article_introduction, article_picture  from news_article where  article_status = '1' and column_id = 10 and is_delete = '0' order by article_addtime DESC DESC  limit 0,7

[ 2014-09-29T13:38:33+08:00 ] /index.php?mod=article&act=index | ERR: message : MySQL Query Error, sql: select  article_id, column_id, article_title, article_introduction, article_picture  from news_article where  article_status = '1' and column_id = 10 and is_delete = '0' order by article_addtime DESC DESC  limit 0,7

[ 2014-09-29T13:43:26+08:00 ] /index.php?mod=article&act=disagree | ERR: [2] mysql_fetch_array() expects parameter 1 to be resource, boolean given mysql.php 第 31 行.
[ 2014-09-29T13:58:35+08:00 ] /index.php?mod=comment&act=commin | ERR: message : MySQL Query Error, sql: update news_article set article_comments = article_comments+1 where article_id = 

[ 2014-09-29T14:35:09+08:00 ] /index.php?mod=article&act=disagree | ERR: [2] mysql_fetch_array() expects parameter 1 to be resource, boolean given mysql.php 第 31 行.
[ 2014-09-29T14:36:53+08:00 ] /index.php?mod=article&act=disagreenot | ERR: [2] mysql_fetch_array() expects parameter 1 to be resource, boolean given mysql.php 第 31 行.
[ 2014-09-29T14:36:54+08:00 ] /index.php?mod=article&act=disagree | ERR: [2] mysql_fetch_array() expects parameter 1 to be resource, boolean given mysql.php 第 31 行.
[ 2014-09-29T14:36:55+08:00 ] /index.php?mod=article&act=disagreenot | ERR: [2] mysql_fetch_array() expects parameter 1 to be resource, boolean given mysql.php 第 31 行.
[ 2014-09-29T14:37:22+08:00 ] /index.php?mod=article&act=disagree | ERR: [2] mysql_fetch_array() expects parameter 1 to be resource, boolean given mysql.php 第 31 行.
[ 2014-09-29T14:37:24+08:00 ] /index.php?mod=article&act=disagreenot | ERR: [2] mysql_fetch_array() expects parameter 1 to be resource, boolean given mysql.php 第 31 行.
[ 2014-09-29T14:38:24+08:00 ] /index.php?mod=article&act=disagree | ERR: [2] mysql_fetch_array() expects parameter 1 to be resource, boolean given mysql.php 第 31 行.
[ 2014-09-29T14:38:37+08:00 ] /index.php?mod=article&act=disagreenot | ERR: [2] mysql_fetch_array() expects parameter 1 to be resource, boolean given mysql.php 第 31 行.
[ 2014-09-29T14:38:40+08:00 ] /index.php?mod=article&act=disagree | ERR: [2] mysql_fetch_array() expects parameter 1 to be resource, boolean given mysql.php 第 31 行.
[ 2014-09-29T14:38:41+08:00 ] /index.php?mod=article&act=disagreenot | ERR: [2] mysql_fetch_array() expects parameter 1 to be resource, boolean given mysql.php 第 31 行.
[ 2014-09-29T14:38:56+08:00 ] /index.php?mod=article&act=disagree | ERR: [2] mysql_fetch_array() expects parameter 1 to be resource, boolean given mysql.php 第 31 行.
[ 2014-09-29T14:38:57+08:00 ] /index.php?mod=article&act=disagreenot | ERR: [2] mysql_fetch_array() expects parameter 1 to be resource, boolean given mysql.php 第 31 行.
[ 2014-09-29T14:39:01+08:00 ] /index.php?mod=article&act=disagree | ERR: [2] mysql_fetch_array() expects parameter 1 to be resource, boolean given mysql.php 第 31 行.
[ 2014-09-29T14:39:02+08:00 ] /index.php?mod=article&act=disagreenot | ERR: [2] mysql_fetch_array() expects parameter 1 to be resource, boolean given mysql.php 第 31 行.
[ 2014-09-29T14:39:04+08:00 ] /index.php?mod=article&act=disagree | ERR: [2] mysql_fetch_array() expects parameter 1 to be resource, boolean given mysql.php 第 31 行.
[ 2014-09-29T14:39:05+08:00 ] /index.php?mod=article&act=disagreenot | ERR: [2] mysql_fetch_array() expects parameter 1 to be resource, boolean given mysql.php 第 31 行.
[ 2014-09-29T14:40:57+08:00 ] /index.php?mod=article&act=disagree | ERR: [2] mysql_fetch_array() expects parameter 1 to be resource, boolean given mysql.php 第 31 行.
[ 2014-09-29T14:40:57+08:00 ] /index.php?mod=article&act=disagreenot | ERR: [2] mysql_fetch_array() expects parameter 1 to be resource, boolean given mysql.php 第 31 行.
[ 2014-09-29T14:41:39+08:00 ] /index.php?mod=article&act=disagree | ERR: [2] mysql_fetch_array() expects parameter 1 to be resource, boolean given mysql.php 第 31 行.
[ 2014-09-29T14:41:40+08:00 ] /index.php?mod=article&act=disagreenot | ERR: [2] mysql_fetch_array() expects parameter 1 to be resource, boolean given mysql.php 第 31 行.
[ 2014-09-29T14:42:20+08:00 ] /index.php?mod=article&act=disagree | ERR: [2] mysql_fetch_array() expects parameter 1 to be resource, boolean given mysql.php 第 31 行.
[ 2014-09-29T14:42:20+08:00 ] /index.php?mod=article&act=disagreenot | ERR: [2] mysql_fetch_array() expects parameter 1 to be resource, boolean given mysql.php 第 31 行.
[ 2014-09-29T14:42:22+08:00 ] /index.php?mod=article&act=disagree | ERR: [2] mysql_fetch_array() expects parameter 1 to be resource, boolean given mysql.php 第 31 行.
[ 2014-09-29T14:43:07+08:00 ] /index.php?mod=article&act=disagreenot | ERR: [2] mysql_fetch_array() expects parameter 1 to be resource, boolean given mysql.php 第 31 行.
[ 2014-09-29T14:43:15+08:00 ] /index.php?mod=article&act=disagree | ERR: [2] mysql_fetch_array() expects parameter 1 to be resource, boolean given mysql.php 第 31 行.
[ 2014-09-29T14:43:16+08:00 ] /index.php?mod=article&act=disagreenot | ERR: [2] mysql_fetch_array() expects parameter 1 to be resource, boolean given mysql.php 第 31 行.
[ 2014-09-29T14:44:23+08:00 ] /index.php?mod=article&act=disagree | ERR: [2] mysql_fetch_array() expects parameter 1 to be resource, boolean given mysql.php 第 31 行.
[ 2014-09-29T14:44:27+08:00 ] /index.php?mod=article&act=disagreenot | ERR: [2] mysql_fetch_array() expects parameter 1 to be resource, boolean given mysql.php 第 31 行.
[ 2014-09-29T14:47:04+08:00 ] /index.php?mod=article&act=disagree | ERR: [2] mysql_fetch_array() expects parameter 1 to be resource, boolean given mysql.php 第 31 行.
[ 2014-09-29T14:47:06+08:00 ] /index.php?mod=article&act=disagreenot | ERR: [2] mysql_fetch_array() expects parameter 1 to be resource, boolean given mysql.php 第 31 行.
[ 2014-09-29T14:47:10+08:00 ] /index.php?mod=article&act=disagree | ERR: [2] mysql_fetch_array() expects parameter 1 to be resource, boolean given mysql.php 第 31 行.
[ 2014-09-29T14:51:00+08:00 ] /index.php?mod=comment&act=artcom&articleId=123 | ERR: message : MySQL Query Error, sql: SELECT  a.comment_id,a.user_id,a.article_id,a.comment_content,a.comment_addtime,a.comment_agrees,a.comment_disagrees,b.user_name,c.article_title,d.user_comment_agree FROM news_comment as a
				LEFT JOIN news_user as b ON a.user_id=b.user_id
				LEFT JOIN news_article as c ON a.article_id=c.article_id
				LEFT JOIN news_user_comment as d ON a.comment_id=d.comment_id
				 WHERE a.article_id= 123 AND a.is_delete = 0 AND b.is_delete = 0 AND c.is_delete = 0AND ( d.user_id = 36 or d.user_id is null)   Limit 0, 20

[ 2014-09-29T14:52:02+08:00 ] /index.php?mod=comment&act=artcom&articleId=123 | ERR: message : MySQL Query Error, sql: SELECT  a.comment_id,a.user_id,a.article_id,a.comment_content,a.comment_addtime,a.comment_agrees,a.comment_disagrees,b.user_name,c.article_title,d.user_comment_agree FROM news_comment as a
				LEFT JOIN news_user as b ON a.user_id=b.user_id
				LEFT JOIN news_article as c ON a.article_id=c.article_id
				LEFT JOIN news_user_comment as d ON a.comment_id=d.comment_id
				 WHERE a.article_id= 123 AND a.is_delete = 0 AND b.is_delete = 0 AND c.is_delete = 0AND ( d.user_id = 36 or d.user_id is null)   Limit 0, 20

[ 2014-09-29T15:23:24+08:00 ] /index.php?mod=article&act=disagree | ERR: [2] mysql_fetch_array() expects parameter 1 to be resource, boolean given mysql.php 第 31 行.
[ 2014-09-29T15:23:26+08:00 ] /index.php?mod=article&act=disagreenot | ERR: [2] mysql_fetch_array() expects parameter 1 to be resource, boolean given mysql.php 第 31 行.
[ 2014-09-29T15:23:32+08:00 ] /index.php?mod=article&act=disagree | ERR: [2] mysql_fetch_array() expects parameter 1 to be resource, boolean given mysql.php 第 31 行.
[ 2014-09-29T15:23:33+08:00 ] /index.php?mod=article&act=disagreenot | ERR: [2] mysql_fetch_array() expects parameter 1 to be resource, boolean given mysql.php 第 31 行.
[ 2014-09-29T15:24:47+08:00 ] /index.php?mod=article&act=search&search_input=FSDAFSF | ERR: [2] filemtime(): stat failed for /data/web/news.valsun.cn/smarty/templates_c/31784597e4f5cd7bc254a7fcb734eb04eedf5b65.file.searchview.htm.php smarty_resource.php 第 720 行.
[ 2014-09-29T15:29:58+08:00 ] /index.php?mod=article&act=disagree | ERR: [2] mysql_fetch_array() expects parameter 1 to be resource, boolean given mysql.php 第 31 行.
[ 2014-09-29T15:30:01+08:00 ] /index.php?mod=article&act=disagreenot | ERR: [2] mysql_fetch_array() expects parameter 1 to be resource, boolean given mysql.php 第 31 行.
[ 2014-09-29T15:30:19+08:00 ] /index.php?mod=article&act=disagreenot | ERR: [2] mysql_fetch_array() expects parameter 1 to be resource, boolean given mysql.php 第 31 行.
[ 2014-09-29T15:30:21+08:00 ] /index.php?mod=article&act=disagree | ERR: [2] mysql_fetch_array() expects parameter 1 to be resource, boolean given mysql.php 第 31 行.
[ 2014-09-29T15:30:22+08:00 ] /index.php?mod=article&act=disagreenot | ERR: [2] mysql_fetch_array() expects parameter 1 to be resource, boolean given mysql.php 第 31 行.
[ 2014-09-29T15:30:24+08:00 ] /index.php?mod=article&act=disagree | ERR: [2] mysql_fetch_array() expects parameter 1 to be resource, boolean given mysql.php 第 31 行.
[ 2014-09-29T15:30:25+08:00 ] /index.php?mod=article&act=disagreenot | ERR: [2] mysql_fetch_array() expects parameter 1 to be resource, boolean given mysql.php 第 31 行.
[ 2014-09-29T15:30:42+08:00 ] /index.php?mod=article&act=disagree | ERR: [2] mysql_fetch_array() expects parameter 1 to be resource, boolean given mysql.php 第 31 行.
[ 2014-09-29T15:31:01+08:00 ] /index.php?mod=article&act=disagree | ERR: [2] mysql_fetch_array() expects parameter 1 to be resource, boolean given mysql.php 第 31 行.
[ 2014-09-29T15:31:01+08:00 ] /index.php?mod=article&act=disagreenot | ERR: [2] mysql_fetch_array() expects parameter 1 to be resource, boolean given mysql.php 第 31 行.
[ 2014-09-29T15:31:09+08:00 ] /index.php?mod=article&act=disagree | ERR: [2] mysql_fetch_array() expects parameter 1 to be resource, boolean given mysql.php 第 31 行.
[ 2014-09-29T15:42:25+08:00 ] /index.php?mod=article&act=disagree | ERR: [2] mysql_fetch_array() expects parameter 1 to be resource, boolean given mysql.php 第 31 行.
[ 2014-09-29T15:42:25+08:00 ] /index.php?mod=article&act=disagreenot | ERR: [2] mysql_fetch_array() expects parameter 1 to be resource, boolean given mysql.php 第 31 行.
[ 2014-09-29T15:55:43+08:00 ] /index.php?mod=article&act=disagree | ERR: [2] mysql_fetch_array() expects parameter 1 to be resource, boolean given mysql.php 第 31 行.
[ 2014-09-29T15:55:43+08:00 ] /index.php?mod=article&act=disagreenot | ERR: [2] mysql_fetch_array() expects parameter 1 to be resource, boolean given mysql.php 第 31 行.
[ 2014-09-29T15:55:44+08:00 ] /index.php?mod=article&act=disagree | ERR: [2] mysql_fetch_array() expects parameter 1 to be resource, boolean given mysql.php 第 31 行.
[ 2014-09-29T15:55:44+08:00 ] /index.php?mod=article&act=disagreenot | ERR: [2] mysql_fetch_array() expects parameter 1 to be resource, boolean given mysql.php 第 31 行.
[ 2014-09-29T16:09:37+08:00 ] /index.php?mod=article&act=agreenot | ERR: message : MySQL Query Error, sql: select user_article_id, user_article_agree from news_user_article where article_id = 2 href= and user_id = 36 and is_delete = '0'

[ 2014-09-29T16:09:37+08:00 ] /index.php?mod=article&act=agreenot | ERR: message : MySQL Query Error, sql: select user_article_id, user_article_agree from news_user_article where article_id = 2 href= and user_id = 36 and is_delete = '0'

[ 2014-09-29T16:09:39+08:00 ] /index.php?mod=article&act=agreenot | ERR: message : MySQL Query Error, sql: select user_article_id, user_article_agree from news_user_article where article_id = 2 href= and user_id = 36 and is_delete = '0'

[ 2014-09-29T16:09:40+08:00 ] /index.php?mod=article&act=agreenot | ERR: message : MySQL Query Error, sql: select user_article_id, user_article_agree from news_user_article where article_id = 2 href= and user_id = 36 and is_delete = '0'

[ 2014-09-29T16:09:41+08:00 ] /index.php?mod=article&act=agreenot | ERR: message : MySQL Query Error, sql: select user_article_id, user_article_agree from news_user_article where article_id = 2 href= and user_id = 36 and is_delete = '0'

[ 2014-09-29T16:09:42+08:00 ] /index.php?mod=article&act=agreenot | ERR: message : MySQL Query Error, sql: select user_article_id, user_article_agree from news_user_article where article_id = 2 href= and user_id = 36 and is_delete = '0'

[ 2014-09-29T16:09:52+08:00 ] /index.php?mod=article&act=agreenot | ERR: message : MySQL Query Error, sql: select user_article_id, user_article_agree from news_user_article where article_id = 2 href= and user_id = 36 and is_delete = '0'

[ 2014-09-29T16:09:56+08:00 ] /index.php?mod=article&act=agreenot | ERR: message : MySQL Query Error, sql: select user_article_id, user_article_agree from news_user_article where article_id = 2 href= and user_id = 36 and is_delete = '0'

[ 2014-09-29T16:10:30+08:00 ] /index.php?mod=article&act=agreenot | ERR: message : MySQL Query Error, sql: select user_article_id, user_article_agree from news_user_article where article_id = 2 href= and user_id = 36 and is_delete = '0'

[ 2014-09-29T16:10:30+08:00 ] /index.php?mod=article&act=agreenot | ERR: message : MySQL Query Error, sql: select user_article_id, user_article_agree from news_user_article where article_id = 2 href= and user_id = 36 and is_delete = '0'

[ 2014-09-29T16:10:31+08:00 ] /index.php?mod=article&act=agreenot | ERR: message : MySQL Query Error, sql: select user_article_id, user_article_agree from news_user_article where article_id = 2 href= and user_id = 36 and is_delete = '0'

[ 2014-09-29T16:10:33+08:00 ] /index.php?mod=article&act=agreenot | ERR: message : MySQL Query Error, sql: select user_article_id, user_article_agree from news_user_article where article_id = 2 href= and user_id = 36 and is_delete = '0'

[ 2014-09-29T16:10:43+08:00 ] /index.php?mod=article&act=agreenot | ERR: message : MySQL Query Error, sql: select user_article_id, user_article_agree from news_user_article where article_id = 2 href= and user_id = 36 and is_delete = '0'

[ 2014-09-29T16:10:43+08:00 ] /index.php?mod=article&act=agreenot | ERR: message : MySQL Query Error, sql: select user_article_id, user_article_agree from news_user_article where article_id = 2 href= and user_id = 36 and is_delete = '0'

[ 2014-09-29T16:10:44+08:00 ] /index.php?mod=article&act=agreenot | ERR: message : MySQL Query Error, sql: select user_article_id, user_article_agree from news_user_article where article_id = 2 href= and user_id = 36 and is_delete = '0'

[ 2014-09-29T16:10:44+08:00 ] /index.php?mod=article&act=agreenot | ERR: message : MySQL Query Error, sql: select user_article_id, user_article_agree from news_user_article where article_id = 2 href= and user_id = 36 and is_delete = '0'

[ 2014-09-29T16:10:44+08:00 ] /index.php?mod=article&act=agreenot | ERR: message : MySQL Query Error, sql: select user_article_id, user_article_agree from news_user_article where article_id = 2 href= and user_id = 36 and is_delete = '0'

[ 2014-09-29T16:10:45+08:00 ] /index.php?mod=article&act=agreenot | ERR: message : MySQL Query Error, sql: select user_article_id, user_article_agree from news_user_article where article_id = 2 href= and user_id = 36 and is_delete = '0'

[ 2014-09-29T16:11:02+08:00 ] /index.php?mod=article&act=agreenot | ERR: message : MySQL Query Error, sql: select user_article_id, user_article_agree from news_user_article where article_id = 2 href= and user_id = 36 and is_delete = '0'

[ 2014-09-29T16:11:02+08:00 ] /index.php?mod=article&act=agreenot | ERR: message : MySQL Query Error, sql: select user_article_id, user_article_agree from news_user_article where article_id = 2 href= and user_id = 36 and is_delete = '0'

[ 2014-09-29T16:11:02+08:00 ] /index.php?mod=article&act=agreenot | ERR: message : MySQL Query Error, sql: select user_article_id, user_article_agree from news_user_article where article_id = 2 href= and user_id = 36 and is_delete = '0'

[ 2014-09-29T16:11:03+08:00 ] /index.php?mod=article&act=agreenot | ERR: message : MySQL Query Error, sql: select user_article_id, user_article_agree from news_user_article where article_id = 2 href= and user_id = 36 and is_delete = '0'

[ 2014-09-29T16:11:03+08:00 ] /index.php?mod=article&act=agreenot | ERR: message : MySQL Query Error, sql: select user_article_id, user_article_agree from news_user_article where article_id = 2 href= and user_id = 36 and is_delete = '0'

[ 2014-09-29T16:11:03+08:00 ] /index.php?mod=article&act=agreenot | ERR: message : MySQL Query Error, sql: select user_article_id, user_article_agree from news_user_article where article_id = 2 href= and user_id = 36 and is_delete = '0'

[ 2014-09-29T16:11:43+08:00 ] /index.php?mod=article&act=agreenot | ERR: message : MySQL Query Error, sql: select user_article_id, user_article_agree from news_user_article where article_id = 2 href= and user_id = 36 and is_delete = '0'

[ 2014-09-29T16:13:10+08:00 ] /index.php?mod=article&act=agreenot | ERR: message : MySQL Query Error, sql: select user_article_id, user_article_agree from news_user_article where article_id = 2 href= and user_id = 36 and is_delete = '0'

[ 2014-09-29T16:13:11+08:00 ] /index.php?mod=article&act=agreenot | ERR: message : MySQL Query Error, sql: select user_article_id, user_article_agree from news_user_article where article_id = 2 href= and user_id = 36 and is_delete = '0'

[ 2014-09-29T16:13:11+08:00 ] /index.php?mod=article&act=agreenot | ERR: message : MySQL Query Error, sql: select user_article_id, user_article_agree from news_user_article where article_id = 2 href= and user_id = 36 and is_delete = '0'

[ 2014-09-29T16:13:12+08:00 ] /index.php?mod=article&act=agreenot | ERR: message : MySQL Query Error, sql: select user_article_id, user_article_agree from news_user_article where article_id = 2 href= and user_id = 36 and is_delete = '0'

[ 2014-09-29T16:13:15+08:00 ] /index.php?mod=article&act=agreenot | ERR: message : MySQL Query Error, sql: select user_article_id, user_article_agree from news_user_article where article_id = 2 href= and user_id = 36 and is_delete = '0'

[ 2014-09-29T16:13:21+08:00 ] /index.php?mod=article&act=agreenot | ERR: message : MySQL Query Error, sql: select user_article_id, user_article_agree from news_user_article where article_id = 8 href= and user_id = 36 and is_delete = '0'

[ 2014-09-29T16:13:21+08:00 ] /index.php?mod=article&act=agreenot | ERR: message : MySQL Query Error, sql: select user_article_id, user_article_agree from news_user_article where article_id = 8 href= and user_id = 36 and is_delete = '0'

[ 2014-09-29T16:13:22+08:00 ] /index.php?mod=article&act=agreenot | ERR: message : MySQL Query Error, sql: select user_article_id, user_article_agree from news_user_article where article_id = 8 href= and user_id = 36 and is_delete = '0'

[ 2014-09-29T16:13:22+08:00 ] /index.php?mod=article&act=agreenot | ERR: message : MySQL Query Error, sql: select user_article_id, user_article_agree from news_user_article where article_id = 8 href= and user_id = 36 and is_delete = '0'

[ 2014-09-29T16:13:22+08:00 ] /index.php?mod=article&act=agreenot | ERR: message : MySQL Query Error, sql: select user_article_id, user_article_agree from news_user_article where article_id = 8 href= and user_id = 36 and is_delete = '0'

[ 2014-09-29T16:13:24+08:00 ] /index.php?mod=article&act=agreenot | ERR: message : MySQL Query Error, sql: select user_article_id, user_article_agree from news_user_article where article_id = 8 href= and user_id = 36 and is_delete = '0'

[ 2014-09-29T16:13:24+08:00 ] /index.php?mod=article&act=agreenot | ERR: message : MySQL Query Error, sql: select user_article_id, user_article_agree from news_user_article where article_id = 8 href= and user_id = 36 and is_delete = '0'

[ 2014-09-29T16:13:24+08:00 ] /index.php?mod=article&act=agreenot | ERR: message : MySQL Query Error, sql: select user_article_id, user_article_agree from news_user_article where article_id = 8 href= and user_id = 36 and is_delete = '0'

[ 2014-09-29T16:13:24+08:00 ] /index.php?mod=article&act=agreenot | ERR: message : MySQL Query Error, sql: select user_article_id, user_article_agree from news_user_article where article_id = 8 href= and user_id = 36 and is_delete = '0'

[ 2014-09-29T16:13:25+08:00 ] /index.php?mod=article&act=agreenot | ERR: message : MySQL Query Error, sql: select user_article_id, user_article_agree from news_user_article where article_id = 8 href= and user_id = 36 and is_delete = '0'

[ 2014-09-29T16:13:25+08:00 ] /index.php?mod=article&act=agreenot | ERR: message : MySQL Query Error, sql: select user_article_id, user_article_agree from news_user_article where article_id = 8 href= and user_id = 36 and is_delete = '0'

[ 2014-09-29T16:13:26+08:00 ] /index.php?mod=article&act=agreenot | ERR: message : MySQL Query Error, sql: select user_article_id, user_article_agree from news_user_article where article_id = 8 href= and user_id = 36 and is_delete = '0'

[ 2014-09-29T16:13:26+08:00 ] /index.php?mod=article&act=agreenot | ERR: message : MySQL Query Error, sql: select user_article_id, user_article_agree from news_user_article where article_id = 8 href= and user_id = 36 and is_delete = '0'

[ 2014-09-29T16:13:26+08:00 ] /index.php?mod=article&act=agreenot | ERR: message : MySQL Query Error, sql: select user_article_id, user_article_agree from news_user_article where article_id = 8 href= and user_id = 36 and is_delete = '0'

[ 2014-09-29T16:13:26+08:00 ] /index.php?mod=article&act=agreenot | ERR: message : MySQL Query Error, sql: select user_article_id, user_article_agree from news_user_article where article_id = 8 href= and user_id = 36 and is_delete = '0'

[ 2014-09-29T16:13:27+08:00 ] /index.php?mod=article&act=agreenot | ERR: message : MySQL Query Error, sql: select user_article_id, user_article_agree from news_user_article where article_id = 8 href= and user_id = 36 and is_delete = '0'

[ 2014-09-29T16:13:28+08:00 ] /index.php?mod=article&act=agreenot | ERR: message : MySQL Query Error, sql: select user_article_id, user_article_agree from news_user_article where article_id = 8 href= and user_id = 36 and is_delete = '0'

[ 2014-09-29T16:13:28+08:00 ] /index.php?mod=article&act=agreenot | ERR: message : MySQL Query Error, sql: select user_article_id, user_article_agree from news_user_article where article_id = 8 href= and user_id = 36 and is_delete = '0'

[ 2014-09-29T16:26:43+08:00 ] /index.php?mod=article&act=disagreenot | ERR: [2] mysql_fetch_array() expects parameter 1 to be resource, boolean given mysql.php 第 31 行.
[ 2014-09-29T16:26:44+08:00 ] /index.php?mod=article&act=disagree | ERR: [2] mysql_fetch_array() expects parameter 1 to be resource, boolean given mysql.php 第 31 行.
[ 2014-09-29T16:26:44+08:00 ] /index.php?mod=article&act=disagreenot | ERR: [2] mysql_fetch_array() expects parameter 1 to be resource, boolean given mysql.php 第 31 行.
[ 2014-09-29T16:26:45+08:00 ] /index.php?mod=article&act=disagree | ERR: [2] mysql_fetch_array() expects parameter 1 to be resource, boolean given mysql.php 第 31 行.
[ 2014-09-29T16:26:45+08:00 ] /index.php?mod=article&act=disagreenot | ERR: [2] mysql_fetch_array() expects parameter 1 to be resource, boolean given mysql.php 第 31 行.
[ 2014-09-29T16:26:45+08:00 ] /index.php?mod=article&act=disagree | ERR: [2] mysql_fetch_array() expects parameter 1 to be resource, boolean given mysql.php 第 31 行.
[ 2014-09-29T16:26:46+08:00 ] /index.php?mod=article&act=disagreenot | ERR: [2] mysql_fetch_array() expects parameter 1 to be resource, boolean given mysql.php 第 31 行.
[ 2014-09-29T16:26:47+08:00 ] /index.php?mod=article&act=disagree | ERR: [2] mysql_fetch_array() expects parameter 1 to be resource, boolean given mysql.php 第 31 行.
[ 2014-09-29T16:26:47+08:00 ] /index.php?mod=article&act=disagreenot | ERR: [2] mysql_fetch_array() expects parameter 1 to be resource, boolean given mysql.php 第 31 行.
[ 2014-09-29T16:26:47+08:00 ] /index.php?mod=article&act=disagree | ERR: [2] mysql_fetch_array() expects parameter 1 to be resource, boolean given mysql.php 第 31 行.
[ 2014-09-29T16:26:48+08:00 ] /index.php?mod=article&act=disagreenot | ERR: [2] mysql_fetch_array() expects parameter 1 to be resource, boolean given mysql.php 第 31 行.
[ 2014-09-29T16:26:53+08:00 ] /index.php?mod=article&act=disagree | ERR: [2] mysql_fetch_array() expects parameter 1 to be resource, boolean given mysql.php 第 31 行.
[ 2014-09-29T16:26:53+08:00 ] /index.php?mod=article&act=disagreenot | ERR: [2] mysql_fetch_array() expects parameter 1 to be resource, boolean given mysql.php 第 31 行.
[ 2014-09-29T16:27:56+08:00 ] /index.php?mod=article&act=disagree | ERR: [2] mysql_fetch_array() expects parameter 1 to be resource, boolean given mysql.php 第 31 行.
[ 2014-09-29T16:27:57+08:00 ] /index.php?mod=article&act=disagreenot | ERR: [2] mysql_fetch_array() expects parameter 1 to be resource, boolean given mysql.php 第 31 行.
[ 2014-09-29T16:27:58+08:00 ] /index.php?mod=article&act=disagree | ERR: [2] mysql_fetch_array() expects parameter 1 to be resource, boolean given mysql.php 第 31 行.
[ 2014-09-29T16:27:58+08:00 ] /index.php?mod=article&act=disagreenot | ERR: [2] mysql_fetch_array() expects parameter 1 to be resource, boolean given mysql.php 第 31 行.
[ 2014-09-29T16:28:42+08:00 ] /index.php?mod=article&act=disagree | ERR: [2] mysql_fetch_array() expects parameter 1 to be resource, boolean given mysql.php 第 31 行.
[ 2014-09-29T16:28:42+08:00 ] /index.php?mod=article&act=disagreenot | ERR: [2] mysql_fetch_array() expects parameter 1 to be resource, boolean given mysql.php 第 31 行.
[ 2014-09-29T16:28:43+08:00 ] /index.php?mod=article&act=disagree | ERR: [2] mysql_fetch_array() expects parameter 1 to be resource, boolean given mysql.php 第 31 行.
[ 2014-09-29T16:28:43+08:00 ] /index.php?mod=article&act=disagreenot | ERR: [2] mysql_fetch_array() expects parameter 1 to be resource, boolean given mysql.php 第 31 行.
[ 2014-09-29T16:34:53+08:00 ] /index.php?mod=article&act=disagree | ERR: [2] mysql_fetch_array() expects parameter 1 to be resource, boolean given mysql.php 第 31 行.
[ 2014-09-29T16:34:54+08:00 ] /index.php?mod=article&act=disagreenot | ERR: [2] mysql_fetch_array() expects parameter 1 to be resource, boolean given mysql.php 第 31 行.
[ 2014-09-29T16:34:55+08:00 ] /index.php?mod=article&act=disagree | ERR: [2] mysql_fetch_array() expects parameter 1 to be resource, boolean given mysql.php 第 31 行.
[ 2014-09-29T16:34:55+08:00 ] /index.php?mod=article&act=disagreenot | ERR: [2] mysql_fetch_array() expects parameter 1 to be resource, boolean given mysql.php 第 31 行.
[ 2014-09-29T16:34:56+08:00 ] /index.php?mod=article&act=disagree | ERR: [2] mysql_fetch_array() expects parameter 1 to be resource, boolean given mysql.php 第 31 行.
[ 2014-09-29T16:34:56+08:00 ] /index.php?mod=article&act=disagreenot | ERR: [2] mysql_fetch_array() expects parameter 1 to be resource, boolean given mysql.php 第 31 行.
[ 2014-09-29T16:34:58+08:00 ] /index.php?mod=article&act=disagree | ERR: [2] mysql_fetch_array() expects parameter 1 to be resource, boolean given mysql.php 第 31 行.
[ 2014-09-29T16:34:58+08:00 ] /index.php?mod=article&act=disagreenot | ERR: [2] mysql_fetch_array() expects parameter 1 to be resource, boolean given mysql.php 第 31 行.
[ 2014-09-29T16:34:59+08:00 ] /index.php?mod=article&act=disagree | ERR: [2] mysql_fetch_array() expects parameter 1 to be resource, boolean given mysql.php 第 31 行.
[ 2014-09-29T16:35:00+08:00 ] /index.php?mod=article&act=disagreenot | ERR: [2] mysql_fetch_array() expects parameter 1 to be resource, boolean given mysql.php 第 31 行.
[ 2014-09-29T16:35:00+08:00 ] /index.php?mod=article&act=disagree | ERR: [2] mysql_fetch_array() expects parameter 1 to be resource, boolean given mysql.php 第 31 行.
[ 2014-09-29T16:35:57+08:00 ] /index.php?mod=article&act=disagreenot | ERR: [2] mysql_fetch_array() expects parameter 1 to be resource, boolean given mysql.php 第 31 行.
[ 2014-09-29T16:35:57+08:00 ] /index.php?mod=article&act=disagree | ERR: [2] mysql_fetch_array() expects parameter 1 to be resource, boolean given mysql.php 第 31 行.
[ 2014-09-29T16:35:58+08:00 ] /index.php?mod=article&act=disagreenot | ERR: [2] mysql_fetch_array() expects parameter 1 to be resource, boolean given mysql.php 第 31 行.
[ 2014-09-29T16:35:58+08:00 ] /index.php?mod=article&act=disagree | ERR: [2] mysql_fetch_array() expects parameter 1 to be resource, boolean given mysql.php 第 31 行.
[ 2014-09-29T16:35:59+08:00 ] /index.php?mod=article&act=disagreenot | ERR: [2] mysql_fetch_array() expects parameter 1 to be resource, boolean given mysql.php 第 31 行.
[ 2014-09-29T16:36:04+08:00 ] /index.php?mod=article&act=disagree | ERR: [2] mysql_fetch_array() expects parameter 1 to be resource, boolean given mysql.php 第 31 行.
[ 2014-09-29T16:36:05+08:00 ] /index.php?mod=article&act=disagreenot | ERR: [2] mysql_fetch_array() expects parameter 1 to be resource, boolean given mysql.php 第 31 行.
[ 2014-09-29T16:36:05+08:00 ] /index.php?mod=article&act=disagree | ERR: [2] mysql_fetch_array() expects parameter 1 to be resource, boolean given mysql.php 第 31 行.
[ 2014-09-29T16:36:06+08:00 ] /index.php?mod=article&act=disagreenot | ERR: [2] mysql_fetch_array() expects parameter 1 to be resource, boolean given mysql.php 第 31 行.
[ 2014-09-29T16:36:06+08:00 ] /index.php?mod=article&act=disagree | ERR: [2] mysql_fetch_array() expects parameter 1 to be resource, boolean given mysql.php 第 31 行.
[ 2014-09-29T16:36:07+08:00 ] /index.php?mod=article&act=disagreenot | ERR: [2] mysql_fetch_array() expects parameter 1 to be resource, boolean given mysql.php 第 31 行.
[ 2014-09-29T16:36:07+08:00 ] /index.php?mod=article&act=disagree | ERR: [2] mysql_fetch_array() expects parameter 1 to be resource, boolean given mysql.php 第 31 行.
[ 2014-09-29T16:36:07+08:00 ] /index.php?mod=article&act=disagreenot | ERR: [2] mysql_fetch_array() expects parameter 1 to be resource, boolean given mysql.php 第 31 行.
[ 2014-09-29T16:36:08+08:00 ] /index.php?mod=article&act=disagree | ERR: [2] mysql_fetch_array() expects parameter 1 to be resource, boolean given mysql.php 第 31 行.
[ 2014-09-29T16:36:39+08:00 ] /index.php?mod=article&act=disagreenot | ERR: [2] mysql_fetch_array() expects parameter 1 to be resource, boolean given mysql.php 第 31 行.
[ 2014-09-29T16:36:44+08:00 ] /index.php?mod=article&act=disagree | ERR: [2] mysql_fetch_array() expects parameter 1 to be resource, boolean given mysql.php 第 31 行.
[ 2014-09-29T16:36:45+08:00 ] /index.php?mod=article&act=disagreenot | ERR: [2] mysql_fetch_array() expects parameter 1 to be resource, boolean given mysql.php 第 31 行.
[ 2014-09-29T16:38:11+08:00 ] /index.php?mod=article&act=disagree | ERR: [2] mysql_fetch_array() expects parameter 1 to be resource, boolean given mysql.php 第 31 行.
[ 2014-09-29T16:38:12+08:00 ] /index.php?mod=article&act=disagreenot | ERR: [2] mysql_fetch_array() expects parameter 1 to be resource, boolean given mysql.php 第 31 行.
[ 2014-09-29T16:38:13+08:00 ] /index.php?mod=article&act=disagree | ERR: [2] mysql_fetch_array() expects parameter 1 to be resource, boolean given mysql.php 第 31 行.
[ 2014-09-29T16:38:13+08:00 ] /index.php?mod=article&act=disagreenot | ERR: [2] mysql_fetch_array() expects parameter 1 to be resource, boolean given mysql.php 第 31 行.
[ 2014-09-29T16:38:15+08:00 ] /index.php?mod=article&act=disagree | ERR: [2] mysql_fetch_array() expects parameter 1 to be resource, boolean given mysql.php 第 31 行.
[ 2014-09-29T16:38:15+08:00 ] /index.php?mod=article&act=disagreenot | ERR: [2] mysql_fetch_array() expects parameter 1 to be resource, boolean given mysql.php 第 31 行.
[ 2014-09-29T16:55:47+08:00 ] /index.php?mod=article&act=disagree | ERR: [2] mysql_fetch_array() expects parameter 1 to be resource, boolean given mysql.php 第 31 行.
[ 2014-09-29T16:55:47+08:00 ] /index.php?mod=article&act=disagreenot | ERR: [2] mysql_fetch_array() expects parameter 1 to be resource, boolean given mysql.php 第 31 行.
[ 2014-09-29T17:04:15+08:00 ] /index.php?mod=article&act=disagree | ERR: [2] mysql_fetch_array() expects parameter 1 to be resource, boolean given mysql.php 第 31 行.
[ 2014-09-29T17:04:15+08:00 ] /index.php?mod=article&act=disagreenot | ERR: [2] mysql_fetch_array() expects parameter 1 to be resource, boolean given mysql.php 第 31 行.
[ 2014-09-29T17:29:36+08:00 ] /index.php?mod=article&act=detail&articleid=6&columnid=13%20and%20articleid=5 | ERR: message : MySQL Query Error, sql: select  article_id, column_id, article_title, article_introduction, article_picture  from news_article where  article_status = '1' and column_id = 13 and articleid=5 and is_delete = '0' order by article_addtime limit 0,4

[ 2014-09-29T17:32:21+08:00 ] /index.php?mod=article&act=detail&articleid=6&columnid=13;%20and%201=1%20and%201=2 | ERR: message : MySQL Query Error, sql: select  article_id, column_id, article_title, article_introduction, article_picture  from news_article where  article_status = '1' and column_id = 13; and 1=1 and 1=2 and is_delete = '0' order by article_addtime limit 0,4

[ 2014-09-29T17:34:27+08:00 ] /index.php?mod=article&act=detail&articleid=6&columnid=13%27 | ERR: message : MySQL Query Error, sql: select  article_id, column_id, article_title, article_introduction, article_picture  from news_article where  article_status = '1' and column_id = 13' and is_delete = '0' order by article_addtime limit 0,4

[ 2014-09-29T17:36:14+08:00 ] /index.php?mod=article&act=detail&articleid=396&columnid=13 | ERR: [2] filemtime(): stat failed for /data/web/news.valsun.cn/smarty/templates_c/11df261a563f5513f5c790cfa202e01b21dd846f.file.errorPage.html.php smarty_resource.php 第 720 行.
[ 2014-09-29T17:36:27+08:00 ] /index.php?mod=article&act=detail&articleid=2&columnid=13%27 | ERR: message : MySQL Query Error, sql: select  article_id, column_id, article_title, article_introduction, article_picture  from news_article where  article_status = '1' and column_id = 13' and is_delete = '0' order by article_addtime limit 0,4

[ 2014-09-29T17:36:51+08:00 ] /index.php?mod=article&act=detail&articleid=2&columnid=13%20and%20articleid=5 | ERR: message : MySQL Query Error, sql: select  article_id, column_id, article_title, article_introduction, article_picture  from news_article where  article_status = '1' and column_id = 13 and articleid=5 and is_delete = '0' order by article_addtime limit 0,4

[ 2014-09-29T17:38:49+08:00 ] /index.php?mod=article&act=detail&articleid=2&columnid=13;drop%20table%20%20test | ERR: message : MySQL Query Error, sql: select  article_id, column_id, article_title, article_introduction, article_picture  from news_article where  article_status = '1' and column_id = 13;drop table  test and is_delete = '0' order by article_addtime limit 0,4

[ 2014-09-29T17:39:25+08:00 ] /index.php?mod=article&act=detail&articleid=2&columnid=13%27 | ERR: message : MySQL Query Error, sql: select  article_id, column_id, article_title, article_introduction, article_picture  from news_article where  article_status = '1' and column_id = 13' and is_delete = '0' order by article_addtime limit 0,4

[ 2014-09-29T17:40:17+08:00 ] /index.php?mod=article&act=detail&articleid=2&columnid=13%20and%200%3C%3E(select%20count(*)%20from%20*) | ERR: message : MySQL Query Error, sql: select  article_id, column_id, article_title, article_introduction, article_picture  from news_article where  article_status = '1' and column_id = 13 and 0<>(select count(*) from *) and is_delete = '0' order by article_addtime limit 0,4

[ 2014-09-29T17:42:48+08:00 ] /index.php?mod=article&act=detail&articleid=2&columnid=13dfgd | ERR: message : MySQL Query Error, sql: select  article_id, column_id, article_title, article_introduction, article_picture  from news_article where  article_status = '1' and column_id = 13dfgd and is_delete = '0' order by article_addtime limit 0,4

[ 2014-09-29T17:43:54+08:00 ] /index.php?mod=article&act=detail&articleid=dd124&columnid=10 | ERR: message : MySQL Query Error, sql: select  article_id, article_title, article_introduction, article_author, article_addtime, article_picture, article_content, article_views, article_agree, article_disagree, article_comments  from news_article where  article_id = dd124 and article_status = '1'  and is_delete = '0'

[ 2014-09-29T17:45:07+08:00 ] /index.php?mod=comment&act=artcom&articleid=2 | ERR: message : MySQL Query Error, sql: SELECT count(*) FROM news_comment  WHERE article_id=  AND is_delete = 0 

[ 2014-09-29T17:50:12+08:00 ] /index.php?mod=article&act=detail&articleid=2&columnid=13;drop%20table%20%20test; | ERR: message : MySQL Query Error, sql: select  article_id, column_id, article_title, article_introduction, article_picture  from news_article where  article_status = '1' and column_id = 13;drop table  test; and is_delete = '0' order by article_addtime limit 0,4

[ 2014-09-29T17:51:08+08:00 ] /index.php?mod=article&act=detail&articleid=2&columnid=13;DROP%20TABLE%20table%20%20test; | ERR: message : MySQL Query Error, sql: select  article_id, column_id, article_title, article_introduction, article_picture  from news_article where  article_status = '1' and column_id = 13;DROP TABLE table  test; and is_delete = '0' order by article_addtime limit 0,4

[ 2014-09-29T17:53:04+08:00 ] /index.php?mod=article&act=detail&articleid=2&columnid=13;select%20*%20from%20news_article%20where%201 | ERR: message : MySQL Query Error, sql: select  article_id, column_id, article_title, article_introduction, article_picture  from news_article where  article_status = '1' and column_id = 13;select * from news_article where 1 and is_delete = '0' order by article_addtime limit 0,4

[ 2014-09-29T17:58:20+08:00 ] /index.php?mod=article&act=detail&articleid=123&columnid=%3Cscript%3Elocation.href(%22www.baidu.com%22);%3C/script%3E | ERR: message : MySQL Query Error, sql: select  article_id, column_id, article_title, article_introduction, article_picture  from news_article where  article_status = '1' and column_id = <script>location.href("www.baidu.com");</script> and is_delete = '0' order by article_addtime limit 0,4

[ 2014-09-29T17:58:54+08:00 ] /index.php?mod=article&act=detail&articleid=124&columnid=%3Cscript%3Ealert(%27attacked%27)%3C/script%3E | ERR: message : MySQL Query Error, sql: select  article_id, column_id, article_title, article_introduction, article_picture  from news_article where  article_status = '1' and column_id = <script>alert('attacked')</script> and is_delete = '0' order by article_addtime limit 0,4

[ 2014-09-29T17:59:30+08:00 ] /index.php?mod=article&act=detail&articleid=124&columnid=%3Cscript%3Ealert(%27attacked%27)%3C/script%3E | ERR: message : MySQL Query Error, sql: select  article_id, column_id, article_title, article_introduction, article_picture  from news_article where  article_status = '1' and column_id = <script>alert('attacked')</script> and is_delete = '0' order by article_addtime limit 0,4

[ 2014-09-29T18:00:26+08:00 ] /index.php?mod=article&act=detail&articleid=124&columnid=%3Cscript%3Ewindow.location.href=%22www.baidu.com%22;%20%3C/script%3E | ERR: message : MySQL Query Error, sql: select  article_id, column_id, article_title, article_introduction, article_picture  from news_article where  article_status = '1' and column_id = <script>window.location.href="www.baidu.com"; </script> and is_delete = '0' order by article_addtime limit 0,4

[ 2014-09-29T18:00:34+08:00 ] /index.php?mod=article&act=detail&articleid=124&columnid=%3Cscript%3Ealert(%27attacked%27)%3C/script%3E | ERR: message : MySQL Query Error, sql: select  article_id, column_id, article_title, article_introduction, article_picture  from news_article where  article_status = '1' and column_id = <script>alert('attacked')</script> and is_delete = '0' order by article_addtime limit 0,4

[ 2014-09-29T18:00:59+08:00 ] /index.php?mod=article&act=detail&articleid=124&columnid=%3Cscript%3Ewindow.location.href=%22/www.baidu.com%22;%20%3C/script%3E | ERR: message : MySQL Query Error, sql: select  article_id, column_id, article_title, article_introduction, article_picture  from news_article where  article_status = '1' and column_id = <script>window.location.href="/www.baidu.com"; </script> and is_delete = '0' order by article_addtime limit 0,4

[ 2014-09-29T18:01:08+08:00 ] /index.php?mod=article&act=detail&articleid=124&columnid=%3Cscript%3Ealert(%27attacked%27)%3C/script%3E | ERR: message : MySQL Query Error, sql: select  article_id, column_id, article_title, article_introduction, article_picture  from news_article where  article_status = '1' and column_id = <script>alert('attacked')</script> and is_delete = '0' order by article_addtime limit 0,4

[ 2014-09-29T18:01:30+08:00 ] /index.php?mod=article&act=detail&articleid=124&columnid=%3Cscript%3Ewindow.location.href=%22../www.baidu.com%22;%20%3C/script%3E | ERR: message : MySQL Query Error, sql: select  article_id, column_id, article_title, article_introduction, article_picture  from news_article where  article_status = '1' and column_id = <script>window.location.href="../www.baidu.com"; </script> and is_delete = '0' order by article_addtime limit 0,4

[ 2014-09-29T18:03:55+08:00 ] /index.php?mod=article&act=detail&articleid=2&columnid=13;DROP%20TABLE%20table%20%20test; | ERR: message : MySQL Query Error, sql: select  article_id, column_id, article_title, article_introduction, article_picture  from news_article where  article_status = '1' and column_id = 13;DROP TABLE table  test; and is_delete = '0' order by article_addtime limit 0,4

[ 2014-09-29T18:03:56+08:00 ] /index.php?mod=article&act=detail&articleid=2&columnid=13;drop%20table%20%20test; | ERR: message : MySQL Query Error, sql: select  article_id, column_id, article_title, article_introduction, article_picture  from news_article where  article_status = '1' and column_id = 13;drop table  test; and is_delete = '0' order by article_addtime limit 0,4

[ 2014-09-29T18:04:27+08:00 ] /index.php?mod=article&act=detail&articleid=124&columnid=10%20%3Ca%20href= | ERR: message : MySQL Query Error, sql: select  article_id, column_id, article_title, article_introduction, article_picture  from news_article where  article_status = '1' and column_id = 10 <a href= and is_delete = '0' order by article_addtime limit 0,4

[ 2014-09-29T18:30:05+08:00 ] /index.php?mod=article&act=disagree | ERR: [2] mysql_fetch_array() expects parameter 1 to be resource, boolean given mysql.php 第 31 行.
[ 2014-09-29T18:30:06+08:00 ] /index.php?mod=article&act=disagreenot | ERR: [2] mysql_fetch_array() expects parameter 1 to be resource, boolean given mysql.php 第 31 行.
[ 2014-09-29T18:36:20+08:00 ] /index.php?mod=comment&act=artcom&articleid=6 | ERR: message : MySQL Query Error, sql: SELECT count(*) FROM news_comment  WHERE article_id=  AND is_delete = 0 

[ 2014-09-29T18:39:34+08:00 ] /index.php?mod=article&act=disagree | ERR: [2] mysql_fetch_array() expects parameter 1 to be resource, boolean given mysql.php 第 31 行.
[ 2014-09-29T18:39:36+08:00 ] /index.php?mod=article&act=disagreenot | ERR: [2] mysql_fetch_array() expects parameter 1 to be resource, boolean given mysql.php 第 31 行.
[ 2014-09-29T18:45:21+08:00 ] /index.php?mod=comment&act=artcom&articleid=6 | ERR: message : MySQL Query Error, sql: SELECT count(*) FROM news_comment  WHERE article_id=  AND is_delete = 0 

[ 2014-09-29T18:45:22+08:00 ] /index.php?mod=comment&act=artcom&articleid=6 | ERR: message : MySQL Query Error, sql: SELECT count(*) FROM news_comment  WHERE article_id=  AND is_delete = 0 

[ 2014-09-29T18:45:22+08:00 ] /index.php?mod=comment&act=artcom&articleid=6 | ERR: message : MySQL Query Error, sql: SELECT count(*) FROM news_comment  WHERE article_id=  AND is_delete = 0 

[ 2014-09-29T18:45:22+08:00 ] /index.php?mod=comment&act=artcom&articleid=6 | ERR: message : MySQL Query Error, sql: SELECT count(*) FROM news_comment  WHERE article_id=  AND is_delete = 0 

[ 2014-09-29T18:45:22+08:00 ] /index.php?mod=comment&act=artcom&articleid=6 | ERR: message : MySQL Query Error, sql: SELECT count(*) FROM news_comment  WHERE article_id=  AND is_delete = 0 

[ 2014-09-29T18:45:22+08:00 ] /index.php?mod=comment&act=artcom&articleid=6 | ERR: message : MySQL Query Error, sql: SELECT count(*) FROM news_comment  WHERE article_id=  AND is_delete = 0 

[ 2014-09-29T18:45:22+08:00 ] /index.php?mod=comment&act=artcom&articleid=6 | ERR: message : MySQL Query Error, sql: SELECT count(*) FROM news_comment  WHERE article_id=  AND is_delete = 0 

[ 2014-09-29T18:45:26+08:00 ] /index.php?mod=comment&act=artcom&articleid=6 | ERR: message : MySQL Query Error, sql: SELECT count(*) FROM news_comment  WHERE article_id=  AND is_delete = 0 

[ 2014-09-29T18:45:26+08:00 ] /index.php?mod=comment&act=artcom&articleid=6 | ERR: message : MySQL Query Error, sql: SELECT count(*) FROM news_comment  WHERE article_id=  AND is_delete = 0 

[ 2014-09-29T18:45:27+08:00 ] /index.php?mod=comment&act=artcom&articleid=6 | ERR: message : MySQL Query Error, sql: SELECT count(*) FROM news_comment  WHERE article_id=  AND is_delete = 0 

[ 2014-09-29T18:45:27+08:00 ] /index.php?mod=comment&act=artcom&articleid=6 | ERR: message : MySQL Query Error, sql: SELECT count(*) FROM news_comment  WHERE article_id=  AND is_delete = 0 

[ 2014-09-29T18:45:28+08:00 ] /index.php?mod=comment&act=artcom&articleid=6 | ERR: message : MySQL Query Error, sql: SELECT count(*) FROM news_comment  WHERE article_id=  AND is_delete = 0 

[ 2014-09-29T18:46:12+08:00 ] /index.php?mod=comment&act=artcom&articleid=6 | ERR: message : MySQL Query Error, sql: SELECT count(*) FROM news_comment  WHERE article_id=  AND is_delete = 0 

[ 2014-09-29T19:51:35+08:00 ] /index.php?mod=column&act=index | ERR: [2] filemtime(): stat failed for /data/web/news.valsun.cn/smarty/templates_c/1a035be718ad58e188fe76ca7893a526efd6370d.file.column.htm.php smarty_resource.php 第 720 行.
[ 2014-09-29T19:51:57+08:00 ] /index.php?mod=column&act=mod&column_id=1 | ERR: [2] filemtime(): stat failed for /data/web/news.valsun.cn/smarty/templates_c/1fab3cce184b400c27e7555a2694d527a720f9f2.file.columnmod.htm.php smarty_resource.php 第 720 行.
[ 2014-09-29T19:55:15+08:00 ] /index.php?mod=article&act=getColumn | ERR: [2] filemtime(): stat failed for /data/web/news.valsun.cn/smarty/templates_c/464da174ea8ef4d4c5121d1afc3a242315cdf1a3.file.article.htm.php smarty_resource.php 第 720 行.
[ 2014-09-29T20:00:19+08:00 ] /index.php?mod=column&act=add | ERR: [2] filemtime(): stat failed for /data/web/news.valsun.cn/smarty/templates_c/9fdd4a763e14d020be71cd56448f7178f19c0a68.file.columnadd.htm.php smarty_resource.php 第 720 行.
[ 2014-09-29T20:10:09+08:00 ] /index.php?mod=article&act=disagree | ERR: [2] mysql_fetch_array() expects parameter 1 to be resource, boolean given mysql.php 第 31 行.
[ 2014-09-29T20:10:09+08:00 ] /index.php?mod=article&act=disagreenot | ERR: [2] mysql_fetch_array() expects parameter 1 to be resource, boolean given mysql.php 第 31 行.
[ 2014-09-29T20:10:10+08:00 ] /index.php?mod=article&act=disagree | ERR: [2] mysql_fetch_array() expects parameter 1 to be resource, boolean given mysql.php 第 31 行.
[ 2014-09-29T20:10:11+08:00 ] /index.php?mod=article&act=disagreenot | ERR: [2] mysql_fetch_array() expects parameter 1 to be resource, boolean given mysql.php 第 31 行.
[ 2014-09-29T20:10:11+08:00 ] /index.php?mod=article&act=disagree | ERR: [2] mysql_fetch_array() expects parameter 1 to be resource, boolean given mysql.php 第 31 行.
[ 2014-09-29T20:10:14+08:00 ] /index.php?mod=article&act=disagreenot | ERR: [2] mysql_fetch_array() expects parameter 1 to be resource, boolean given mysql.php 第 31 行.
[ 2014-09-29T20:10:19+08:00 ] /index.php?mod=article&act=disagree | ERR: [2] mysql_fetch_array() expects parameter 1 to be resource, boolean given mysql.php 第 31 行.
[ 2014-09-29T20:10:19+08:00 ] /index.php?mod=article&act=disagreenot | ERR: [2] mysql_fetch_array() expects parameter 1 to be resource, boolean given mysql.php 第 31 行.
[ 2014-09-29T20:10:19+08:00 ] /index.php?mod=article&act=disagree | ERR: [2] mysql_fetch_array() expects parameter 1 to be resource, boolean given mysql.php 第 31 行.
[ 2014-09-29T20:10:19+08:00 ] /index.php?mod=article&act=disagreenot | ERR: [2] mysql_fetch_array() expects parameter 1 to be resource, boolean given mysql.php 第 31 行.
[ 2014-09-29T20:10:19+08:00 ] /index.php?mod=article&act=disagree | ERR: [2] mysql_fetch_array() expects parameter 1 to be resource, boolean given mysql.php 第 31 行.
[ 2014-09-29T20:10:20+08:00 ] /index.php?mod=article&act=disagreenot | ERR: [2] mysql_fetch_array() expects parameter 1 to be resource, boolean given mysql.php 第 31 行.
[ 2014-09-29T20:16:42+08:00 ] /index.php?mod=article&act=disagree | ERR: [2] mysql_fetch_array() expects parameter 1 to be resource, boolean given mysql.php 第 31 行.
[ 2014-09-29T20:16:43+08:00 ] /index.php?mod=article&act=disagreenot | ERR: [2] mysql_fetch_array() expects parameter 1 to be resource, boolean given mysql.php 第 31 行.
[ 2014-09-29T20:16:44+08:00 ] /index.php?mod=article&act=disagree | ERR: [2] mysql_fetch_array() expects parameter 1 to be resource, boolean given mysql.php 第 31 行.
[ 2014-09-29T20:16:44+08:00 ] /index.php?mod=article&act=disagreenot | ERR: [2] mysql_fetch_array() expects parameter 1 to be resource, boolean given mysql.php 第 31 行.
[ 2014-09-29T20:16:44+08:00 ] /index.php?mod=article&act=disagree | ERR: [2] mysql_fetch_array() expects parameter 1 to be resource, boolean given mysql.php 第 31 行.
[ 2014-09-29T20:16:44+08:00 ] /index.php?mod=article&act=disagreenot | ERR: [2] mysql_fetch_array() expects parameter 1 to be resource, boolean given mysql.php 第 31 行.
[ 2014-09-29T20:16:45+08:00 ] /index.php?mod=article&act=disagree | ERR: [2] mysql_fetch_array() expects parameter 1 to be resource, boolean given mysql.php 第 31 行.
[ 2014-09-29T20:16:45+08:00 ] /index.php?mod=article&act=disagreenot | ERR: [2] mysql_fetch_array() expects parameter 1 to be resource, boolean given mysql.php 第 31 行.
[ 2014-09-29T20:16:49+08:00 ] /index.php?mod=article&act=disagree | ERR: [2] mysql_fetch_array() expects parameter 1 to be resource, boolean given mysql.php 第 31 行.
[ 2014-09-29T20:16:49+08:00 ] /index.php?mod=article&act=disagreenot | ERR: [2] mysql_fetch_array() expects parameter 1 to be resource, boolean given mysql.php 第 31 行.
[ 2014-09-29T20:16:49+08:00 ] /index.php?mod=article&act=disagree | ERR: [2] mysql_fetch_array() expects parameter 1 to be resource, boolean given mysql.php 第 31 行.
[ 2014-09-29T20:16:49+08:00 ] /index.php?mod=article&act=disagreenot | ERR: [2] mysql_fetch_array() expects parameter 1 to be resource, boolean given mysql.php 第 31 行.
[ 2014-09-29T20:16:49+08:00 ] /index.php?mod=article&act=disagree | ERR: [2] mysql_fetch_array() expects parameter 1 to be resource, boolean given mysql.php 第 31 行.
[ 2014-09-29T20:16:50+08:00 ] /index.php?mod=article&act=disagreenot | ERR: [2] mysql_fetch_array() expects parameter 1 to be resource, boolean given mysql.php 第 31 行.
[ 2014-09-29T20:16:50+08:00 ] /index.php?mod=article&act=disagree | ERR: [2] mysql_fetch_array() expects parameter 1 to be resource, boolean given mysql.php 第 31 行.
[ 2014-09-29T20:16:50+08:00 ] /index.php?mod=article&act=disagreenot | ERR: [2] mysql_fetch_array() expects parameter 1 to be resource, boolean given mysql.php 第 31 行.
[ 2014-09-29T20:16:50+08:00 ] /index.php?mod=article&act=disagree | ERR: [2] mysql_fetch_array() expects parameter 1 to be resource, boolean given mysql.php 第 31 行.
[ 2014-09-29T20:16:51+08:00 ] /index.php?mod=article&act=disagreenot | ERR: [2] mysql_fetch_array() expects parameter 1 to be resource, boolean given mysql.php 第 31 行.
[ 2014-09-29T20:16:51+08:00 ] /index.php?mod=article&act=disagree | ERR: [2] mysql_fetch_array() expects parameter 1 to be resource, boolean given mysql.php 第 31 行.
[ 2014-09-29T20:16:53+08:00 ] /index.php?mod=article&act=disagreenot | ERR: [2] mysql_fetch_array() expects parameter 1 to be resource, boolean given mysql.php 第 31 行.
[ 2014-09-29T20:16:53+08:00 ] /index.php?mod=article&act=disagree | ERR: [2] mysql_fetch_array() expects parameter 1 to be resource, boolean given mysql.php 第 31 行.
[ 2014-09-29T20:16:53+08:00 ] /index.php?mod=article&act=disagreenot | ERR: [2] mysql_fetch_array() expects parameter 1 to be resource, boolean given mysql.php 第 31 行.
[ 2014-09-29T20:16:54+08:00 ] /index.php?mod=article&act=disagree | ERR: [2] mysql_fetch_array() expects parameter 1 to be resource, boolean given mysql.php 第 31 行.
[ 2014-09-29T20:16:54+08:00 ] /index.php?mod=article&act=disagreenot | ERR: [2] mysql_fetch_array() expects parameter 1 to be resource, boolean given mysql.php 第 31 行.
[ 2014-09-29T20:16:54+08:00 ] /index.php?mod=article&act=disagree | ERR: [2] mysql_fetch_array() expects parameter 1 to be resource, boolean given mysql.php 第 31 行.
[ 2014-09-29T20:16:54+08:00 ] /index.php?mod=article&act=disagreenot | ERR: [2] mysql_fetch_array() expects parameter 1 to be resource, boolean given mysql.php 第 31 行.
[ 2014-09-29T20:16:55+08:00 ] /index.php?mod=article&act=disagree | ERR: [2] mysql_fetch_array() expects parameter 1 to be resource, boolean given mysql.php 第 31 行.
[ 2014-09-29T20:16:55+08:00 ] /index.php?mod=article&act=disagreenot | ERR: [2] mysql_fetch_array() expects parameter 1 to be resource, boolean given mysql.php 第 31 行.
[ 2014-09-29T20:16:55+08:00 ] /index.php?mod=article&act=disagree | ERR: [2] mysql_fetch_array() expects parameter 1 to be resource, boolean given mysql.php 第 31 行.
[ 2014-09-29T20:16:55+08:00 ] /index.php?mod=article&act=disagreenot | ERR: [2] mysql_fetch_array() expects parameter 1 to be resource, boolean given mysql.php 第 31 行.
[ 2014-09-29T20:16:56+08:00 ] /index.php?mod=article&act=disagree | ERR: [2] mysql_fetch_array() expects parameter 1 to be resource, boolean given mysql.php 第 31 行.
[ 2014-09-29T20:16:56+08:00 ] /index.php?mod=article&act=disagreenot | ERR: [2] mysql_fetch_array() expects parameter 1 to be resource, boolean given mysql.php 第 31 行.
[ 2014-09-29T20:16:56+08:00 ] /index.php?mod=article&act=disagree | ERR: [2] mysql_fetch_array() expects parameter 1 to be resource, boolean given mysql.php 第 31 行.
[ 2014-09-29T20:16:56+08:00 ] /index.php?mod=article&act=disagreenot | ERR: [2] mysql_fetch_array() expects parameter 1 to be resource, boolean given mysql.php 第 31 行.
[ 2014-09-29T20:16:56+08:00 ] /index.php?mod=article&act=disagree | ERR: [2] mysql_fetch_array() expects parameter 1 to be resource, boolean given mysql.php 第 31 行.
[ 2014-09-29T20:16:57+08:00 ] /index.php?mod=article&act=disagreenot | ERR: [2] mysql_fetch_array() expects parameter 1 to be resource, boolean given mysql.php 第 31 行.
[ 2014-09-29T20:17:20+08:00 ] /index.php?mod=article&act=disagree | ERR: [2] mysql_fetch_array() expects parameter 1 to be resource, boolean given mysql.php 第 31 行.
[ 2014-09-29T20:17:21+08:00 ] /index.php?mod=article&act=disagreenot | ERR: [2] mysql_fetch_array() expects parameter 1 to be resource, boolean given mysql.php 第 31 行.
[ 2014-09-29T20:17:21+08:00 ] /index.php?mod=article&act=disagree | ERR: [2] mysql_fetch_array() expects parameter 1 to be resource, boolean given mysql.php 第 31 行.
[ 2014-09-29T20:17:21+08:00 ] /index.php?mod=article&act=disagreenot | ERR: [2] mysql_fetch_array() expects parameter 1 to be resource, boolean given mysql.php 第 31 行.
[ 2014-09-29T20:17:21+08:00 ] /index.php?mod=article&act=disagree | ERR: [2] mysql_fetch_array() expects parameter 1 to be resource, boolean given mysql.php 第 31 行.
[ 2014-09-29T20:17:22+08:00 ] /index.php?mod=article&act=disagreenot | ERR: [2] mysql_fetch_array() expects parameter 1 to be resource, boolean given mysql.php 第 31 行.
[ 2014-09-29T20:17:22+08:00 ] /index.php?mod=article&act=disagree | ERR: [2] mysql_fetch_array() expects parameter 1 to be resource, boolean given mysql.php 第 31 行.
[ 2014-09-29T20:17:22+08:00 ] /index.php?mod=article&act=disagreenot | ERR: [2] mysql_fetch_array() expects parameter 1 to be resource, boolean given mysql.php 第 31 行.
[ 2014-09-29T20:17:25+08:00 ] /index.php?mod=article&act=disagree | ERR: [2] mysql_fetch_array() expects parameter 1 to be resource, boolean given mysql.php 第 31 行.
[ 2014-09-29T20:17:25+08:00 ] /index.php?mod=article&act=disagreenot | ERR: [2] mysql_fetch_array() expects parameter 1 to be resource, boolean given mysql.php 第 31 行.
[ 2014-09-29T20:17:25+08:00 ] /index.php?mod=article&act=disagree | ERR: [2] mysql_fetch_array() expects parameter 1 to be resource, boolean given mysql.php 第 31 行.
[ 2014-09-29T20:17:25+08:00 ] /index.php?mod=article&act=disagreenot | ERR: [2] mysql_fetch_array() expects parameter 1 to be resource, boolean given mysql.php 第 31 行.
[ 2014-09-29T20:17:25+08:00 ] /index.php?mod=article&act=disagree | ERR: [2] mysql_fetch_array() expects parameter 1 to be resource, boolean given mysql.php 第 31 行.
[ 2014-09-29T20:17:26+08:00 ] /index.php?mod=article&act=disagreenot | ERR: [2] mysql_fetch_array() expects parameter 1 to be resource, boolean given mysql.php 第 31 行.
[ 2014-09-29T20:17:26+08:00 ] /index.php?mod=article&act=disagree | ERR: [2] mysql_fetch_array() expects parameter 1 to be resource, boolean given mysql.php 第 31 行.
[ 2014-09-29T20:17:26+08:00 ] /index.php?mod=article&act=disagreenot | ERR: [2] mysql_fetch_array() expects parameter 1 to be resource, boolean given mysql.php 第 31 行.
[ 2014-09-29T20:17:26+08:00 ] /index.php?mod=article&act=disagree | ERR: [2] mysql_fetch_array() expects parameter 1 to be resource, boolean given mysql.php 第 31 行.
[ 2014-09-29T20:17:26+08:00 ] /index.php?mod=article&act=disagreenot | ERR: [2] mysql_fetch_array() expects parameter 1 to be resource, boolean given mysql.php 第 31 行.
